mode: atomic
github.com/EnzoDechaene/deadlinkr/cmd/check.go:16.47,31.25 6 0
github.com/EnzoDechaene/deadlinkr/cmd/check.go:31.25,33.4 1 0
github.com/EnzoDechaene/deadlinkr/cmd/check.go:33.9,35.4 1 0
github.com/EnzoDechaene/deadlinkr/cmd/check.go:39.13,43.2 2 0
github.com/EnzoDechaene/deadlinkr/cmd/export.go:15.47,16.30 1 0
github.com/EnzoDechaene/deadlinkr/cmd/export.go:16.30,19.4 2 0
github.com/EnzoDechaene/deadlinkr/cmd/export.go:21.3,21.36 1 0
github.com/EnzoDechaene/deadlinkr/cmd/export.go:25.13,29.2 2 0
github.com/EnzoDechaene/deadlinkr/cmd/report.go:15.47,16.30 1 0
github.com/EnzoDechaene/deadlinkr/cmd/report.go:16.30,19.4 2 0
github.com/EnzoDechaene/deadlinkr/cmd/report.go:21.3,21.25 1 0
github.com/EnzoDechaene/deadlinkr/cmd/report.go:25.13,27.2 1 0
github.com/EnzoDechaene/deadlinkr/cmd/root.go:25.16,27.16 2 0
github.com/EnzoDechaene/deadlinkr/cmd/root.go:27.16,30.3 2 0
github.com/EnzoDechaene/deadlinkr/cmd/root.go:33.13,42.2 8 0
github.com/EnzoDechaene/deadlinkr/cmd/scan.go:16.47,33.25 8 0
github.com/EnzoDechaene/deadlinkr/cmd/scan.go:33.25,35.4 1 0
github.com/EnzoDechaene/deadlinkr/cmd/scan.go:39.13,43.2 2 0
github.com/EnzoDechaene/deadlinkr/utils/result.go:13.23,16.39 2 0
github.com/EnzoDechaene/deadlinkr/utils/result.go:16.39,17.49 1 0
github.com/EnzoDechaene/deadlinkr/utils/result.go:17.49,19.4 1 0
github.com/EnzoDechaene/deadlinkr/utils/result.go:22.2,22.27 1 0
github.com/EnzoDechaene/deadlinkr/utils/result.go:22.27,25.3 2 0
github.com/EnzoDechaene/deadlinkr/utils/result.go:27.2,30.35 3 0
github.com/EnzoDechaene/deadlinkr/utils/result.go:30.35,31.23 1 0
github.com/EnzoDechaene/deadlinkr/utils/result.go:31.23,33.4 1 0
github.com/EnzoDechaene/deadlinkr/utils/result.go:33.9,35.4 1 0
github.com/EnzoDechaene/deadlinkr/utils/result.go:39.35,40.33 1 0
github.com/EnzoDechaene/deadlinkr/utils/result.go:41.13,42.16 1 0
github.com/EnzoDechaene/deadlinkr/utils/result.go:43.14,44.17 1 0
github.com/EnzoDechaene/deadlinkr/utils/result.go:45.14,46.17 1 0
github.com/EnzoDechaene/deadlinkr/utils/result.go:47.10,48.74 1 0
github.com/EnzoDechaene/deadlinkr/utils/result.go:52.20,54.16 2 0
github.com/EnzoDechaene/deadlinkr/utils/result.go:54.16,57.3 2 0
github.com/EnzoDechaene/deadlinkr/utils/result.go:58.2,64.109 4 0
github.com/EnzoDechaene/deadlinkr/utils/result.go:64.109,67.3 2 0
github.com/EnzoDechaene/deadlinkr/utils/result.go:70.2,70.39 1 0
github.com/EnzoDechaene/deadlinkr/utils/result.go:70.39,72.24 2 0
github.com/EnzoDechaene/deadlinkr/utils/result.go:72.24,74.4 1 0
github.com/EnzoDechaene/deadlinkr/utils/result.go:76.3,82.18 1 0
github.com/EnzoDechaene/deadlinkr/utils/result.go:82.18,85.4 2 0
github.com/EnzoDechaene/deadlinkr/utils/result.go:89.2,89.56 1 0
github.com/EnzoDechaene/deadlinkr/utils/result.go:92.21,94.16 2 0
github.com/EnzoDechaene/deadlinkr/utils/result.go:94.16,97.3 2 0
github.com/EnzoDechaene/deadlinkr/utils/result.go:98.2,102.54 4 0
github.com/EnzoDechaene/deadlinkr/utils/result.go:102.54,105.3 2 0
github.com/EnzoDechaene/deadlinkr/utils/result.go:107.2,107.57 1 0
github.com/EnzoDechaene/deadlinkr/utils/result.go:110.21,112.16 2 0
github.com/EnzoDechaene/deadlinkr/utils/result.go:112.16,115.3 2 0
github.com/EnzoDechaene/deadlinkr/utils/result.go:116.2,150.39 3 0
github.com/EnzoDechaene/deadlinkr/utils/result.go:150.39,152.49 2 0
github.com/EnzoDechaene/deadlinkr/utils/result.go:152.49,154.4 1 0
github.com/EnzoDechaene/deadlinkr/utils/result.go:154.9,154.34 1 0
github.com/EnzoDechaene/deadlinkr/utils/result.go:154.34,156.4 1 0
github.com/EnzoDechaene/deadlinkr/utils/result.go:158.3,159.24 2 0
github.com/EnzoDechaene/deadlinkr/utils/result.go:159.24,161.4 1 0
github.com/EnzoDechaene/deadlinkr/utils/result.go:163.3,164.25 2 0
github.com/EnzoDechaene/deadlinkr/utils/result.go:164.25,166.4 1 0
github.com/EnzoDechaene/deadlinkr/utils/result.go:168.3,175.2 1 0
github.com/EnzoDechaene/deadlinkr/utils/result.go:178.2,183.16 3 0
github.com/EnzoDechaene/deadlinkr/utils/result.go:183.16,186.3 2 0
github.com/EnzoDechaene/deadlinkr/utils/result.go:187.2,187.57 1 0
github.com/EnzoDechaene/deadlinkr/utils/site.go:16.58,18.32 1 0
github.com/EnzoDechaene/deadlinkr/utils/site.go:18.32,20.3 1 0
github.com/EnzoDechaene/deadlinkr/utils/site.go:23.2,24.20 2 0
github.com/EnzoDechaene/deadlinkr/utils/site.go:24.20,26.3 1 0
github.com/EnzoDechaene/deadlinkr/utils/site.go:28.2,32.29 3 0
github.com/EnzoDechaene/deadlinkr/utils/site.go:32.29,38.22 3 0
github.com/EnzoDechaene/deadlinkr/utils/site.go:38.22,39.31 1 0
github.com/EnzoDechaene/deadlinkr/utils/site.go:39.31,40.25 1 0
github.com/EnzoDechaene/deadlinkr/utils/site.go:40.25,42.6 1 0
github.com/EnzoDechaene/deadlinkr/utils/site.go:48.61,52.16 3 0
github.com/EnzoDechaene/deadlinkr/utils/site.go:52.16,55.3 2 0
github.com/EnzoDechaene/deadlinkr/utils/site.go:57.2,62.16 3 0
github.com/EnzoDechaene/deadlinkr/utils/site.go:62.16,65.3 2 0
github.com/EnzoDechaene/deadlinkr/utils/site.go:67.2,70.16 3 0
github.com/EnzoDechaene/deadlinkr/utils/site.go:70.16,73.3 2 0
github.com/EnzoDechaene/deadlinkr/utils/site.go:74.2,77.69 2 0
github.com/EnzoDechaene/deadlinkr/utils/site.go:77.69,79.3 1 0
github.com/EnzoDechaene/deadlinkr/utils/site.go:81.2,82.16 2 0
github.com/EnzoDechaene/deadlinkr/utils/site.go:82.16,85.3 2 0
github.com/EnzoDechaene/deadlinkr/utils/site.go:88.2,88.61 1 0
github.com/EnzoDechaene/deadlinkr/utils/site.go:88.61,90.60 2 0
github.com/EnzoDechaene/deadlinkr/utils/site.go:90.60,92.4 1 0
github.com/EnzoDechaene/deadlinkr/utils/site.go:94.3,95.17 2 0
github.com/EnzoDechaene/deadlinkr/utils/site.go:95.17,97.4 1 0
github.com/EnzoDechaene/deadlinkr/utils/site.go:100.3,100.44 1 0
github.com/EnzoDechaene/deadlinkr/utils/site.go:100.44,102.4 1 0
github.com/EnzoDechaene/deadlinkr/utils/site.go:104.3,106.82 2 0
github.com/EnzoDechaene/deadlinkr/utils/site.go:106.82,108.4 1 0
github.com/EnzoDechaene/deadlinkr/utils/site.go:111.3,111.33 1 0
github.com/EnzoDechaene/deadlinkr/utils/site.go:111.33,113.30 2 0
github.com/EnzoDechaene/deadlinkr/utils/site.go:113.30,115.5 1 0
github.com/EnzoDechaene/deadlinkr/utils/site.go:118.3,118.33 1 0
github.com/EnzoDechaene/deadlinkr/utils/site.go:118.33,120.29 2 0
github.com/EnzoDechaene/deadlinkr/utils/site.go:120.29,122.5 1 0
github.com/EnzoDechaene/deadlinkr/utils/site.go:126.3,140.30 6 0
github.com/EnzoDechaene/deadlinkr/utils/site.go:143.2,143.18 1 0
github.com/EnzoDechaene/deadlinkr/utils/url.go:11.81,13.16 2 0
github.com/EnzoDechaene/deadlinkr/utils/url.go:13.16,15.3 1 0
github.com/EnzoDechaene/deadlinkr/utils/url.go:17.2,18.16 2 0
github.com/EnzoDechaene/deadlinkr/utils/url.go:18.16,20.3 1 0
github.com/EnzoDechaene/deadlinkr/utils/url.go:23.2,25.25 2 0
github.com/EnzoDechaene/deadlinkr/utils/url.go:28.52,30.59 1 0
github.com/EnzoDechaene/deadlinkr/utils/url.go:30.59,32.3 1 0
github.com/EnzoDechaene/deadlinkr/utils/url.go:34.2,34.14 1 0
github.com/EnzoDechaene/deadlinkr/utils/url.go:36.46,39.69 1 0
github.com/EnzoDechaene/deadlinkr/utils/url.go:39.69,42.4 1 0
github.com/EnzoDechaene/deadlinkr/utils/url.go:45.2,46.16 2 0
github.com/EnzoDechaene/deadlinkr/utils/url.go:46.16,48.3 1 0
github.com/EnzoDechaene/deadlinkr/utils/url.go:50.2,53.16 3 0
github.com/EnzoDechaene/deadlinkr/utils/url.go:53.16,55.3 1 0
github.com/EnzoDechaene/deadlinkr/utils/url.go:56.2,58.28 2 0
github.com/EnzoDechaene/deadlinkr/utils/url.go:61.29,63.39 2 0
github.com/EnzoDechaene/deadlinkr/utils/url.go:63.39,64.49 1 0
github.com/EnzoDechaene/deadlinkr/utils/url.go:64.49,66.4 1 0
github.com/EnzoDechaene/deadlinkr/utils/url.go:68.2,68.14 1 0
github.com/EnzoDechaene/deadlinkr/main.go:7.13,9.2 1 0
